[2026-02-15T05:52:48.082Z] Loaded 7 scheduled tasks.
[2026-02-15T05:53:00.012Z] Executing task task_1771134323358_zouxzi1b7: /usr/bin/firefox --headless
[2026-02-15T05:53:00.022Z] Executing task task_1770917663543_3s3p5gixn: search for AI news
[2026-02-15T05:53:00.031Z] Executing task task_1770917651171_d48ntb4c9: browser_search AI
[2026-02-15T05:53:00.036Z] Executing task task_1770917627288_jv0aveup4: browse news for AI
[2026-02-15T05:53:00.041Z] Executing task task_1770917606820_leu1u403t: browser_search
[2026-02-15T05:53:36.638Z] Loaded 7 scheduled tasks.
[2026-02-15T05:54:02.553Z] Loaded 7 scheduled tasks.
[2026-02-15T05:54:29.233Z] Loaded 7 scheduled tasks.
[2026-02-15T05:55:00.021Z] Executing task task_1771134323358_zouxzi1b7: /usr/bin/firefox --headless
[2026-02-15T05:55:00.033Z] Executing task task_1770917663543_3s3p5gixn: search for AI news
[2026-02-15T05:55:00.043Z] Executing task task_1770917651171_d48ntb4c9: browser_search AI
[2026-02-15T05:55:00.052Z] Executing task task_1770917627288_jv0aveup4: browse news for AI
[2026-02-15T05:55:00.064Z] Executing task task_1770917606820_leu1u403t: browser_search
[2026-02-15T05:55:06.277Z] Created new task: task_1771134906269_2l2thwpxj with cron 0 * * * * *
[2026-02-15T05:55:09.575Z] Loaded 8 scheduled tasks.
[2026-02-15T05:55:36.597Z] Loaded 8 scheduled tasks.
[2026-02-15T05:56:00.018Z] Executing task task_1771134906269_2l2thwpxj: google news ai
[2026-02-15T05:56:00.025Z] Executing task task_1771134323358_zouxzi1b7: /usr/bin/firefox --headless
[2026-02-15T05:56:00.031Z] Executing task task_1770917663543_3s3p5gixn: search for AI news
[2026-02-15T05:56:00.042Z] Executing task task_1770917651171_d48ntb4c9: browser_search AI
[2026-02-15T05:56:00.052Z] Executing task task_1770917627288_jv0aveup4: browse news for AI
[2026-02-15T05:56:00.061Z] Executing task task_1770917606820_leu1u403t: browser_search
[2026-02-15T05:57:00.006Z] Executing task task_1770917606820_leu1u403t: browser_search
[2026-02-15T05:57:00.017Z] Executing task task_1770917627288_jv0aveup4: browse news for AI
[2026-02-15T05:57:00.030Z] Executing task task_1770917651171_d48ntb4c9: browser_search AI
[2026-02-15T05:57:00.041Z] Executing task task_1770917663543_3s3p5gixn: search for AI news
[2026-02-15T05:57:00.051Z] Executing task task_1771134323358_zouxzi1b7: /usr/bin/firefox --headless
[2026-02-15T05:57:00.068Z] Executing task task_1771134906269_2l2thwpxj: google news ai
[2026-02-15T05:58:29.988Z] Loaded 8 scheduled tasks.
[2026-02-15T05:58:40.491Z] Loaded 8 scheduled tasks.
[2026-02-15T05:59:00.019Z] Executing task task_1771134906269_2l2thwpxj: google news ai
[2026-02-15T05:59:00.032Z] Executing task task_1771134323358_zouxzi1b7: /usr/bin/firefox --headless
[2026-02-15T05:59:00.038Z] Executing task task_1770917663543_3s3p5gixn: search for AI news
[2026-02-15T05:59:00.043Z] Executing task task_1770917651171_d48ntb4c9: browser_search AI
[2026-02-15T05:59:00.048Z] Executing task task_1770917627288_jv0aveup4: browse news for AI
[2026-02-15T05:59:00.053Z] Executing task task_1770917606820_leu1u403t: browser_search
[2026-02-15T06:00:00.022Z] Executing task task_1770917606820_leu1u403t: browser_search
[2026-02-15T06:00:00.032Z] Executing task task_1770917627288_jv0aveup4: browse news for AI
[2026-02-15T06:00:00.038Z] Executing task task_1770917651171_d48ntb4c9: browser_search AI
[2026-02-15T06:00:00.044Z] Executing task task_1770917663543_3s3p5gixn: search for AI news
[2026-02-15T06:00:00.051Z] Executing task task_1771134323358_zouxzi1b7: /usr/bin/firefox --headless
[2026-02-15T06:00:00.056Z] Executing task task_1771134906269_2l2thwpxj: google news ai
[2026-02-15T06:00:45.143Z] Loaded 8 scheduled tasks.
[2026-02-15T06:00:53.468Z] Loaded 8 scheduled tasks.
[2026-02-15T06:01:00.016Z] Executing task task_1771134906269_2l2thwpxj: google news ai
[2026-02-15T06:01:00.024Z] Executing task task_1771134323358_zouxzi1b7: /usr/bin/firefox --headless
[2026-02-15T06:01:00.032Z] Executing task task_1770917663543_3s3p5gixn: search for AI news
[2026-02-15T06:01:00.037Z] Executing task task_1770917651171_d48ntb4c9: browser_search AI
[2026-02-15T06:01:00.043Z] Executing task task_1770917627288_jv0aveup4: browse news for AI
[2026-02-15T06:01:00.049Z] Executing task task_1770917606820_leu1u403t: browser_search
[2026-02-15T06:02:00.026Z] Executing task task_1770917606820_leu1u403t: browser_search
[2026-02-15T06:02:00.046Z] Executing task task_1770917627288_jv0aveup4: browse news for AI
[2026-02-15T06:02:00.061Z] Executing task task_1770917651171_d48ntb4c9: browser_search AI
[2026-02-15T06:02:00.075Z] Executing task task_1770917663543_3s3p5gixn: search for AI news
[2026-02-15T06:02:00.093Z] Executing task task_1771134323358_zouxzi1b7: /usr/bin/firefox --headless
[2026-02-15T06:02:00.129Z] Executing task task_1771134906269_2l2thwpxj: google news ai
[2026-02-15T06:03:00.022Z] Executing task task_1771134906269_2l2thwpxj: google news ai
[2026-02-15T06:03:00.038Z] Executing task task_1771134323358_zouxzi1b7: /usr/bin/firefox --headless
[2026-02-15T06:03:00.050Z] Executing task task_1770917663543_3s3p5gixn: search for AI news
[2026-02-15T06:03:00.067Z] Executing task task_1770917651171_d48ntb4c9: browser_search AI
[2026-02-15T06:03:00.081Z] Executing task task_1770917627288_jv0aveup4: browse news for AI
[2026-02-15T06:03:00.093Z] Executing task task_1770917606820_leu1u403t: browser_search
[2026-02-15T06:04:00.018Z] Executing task task_1770917606820_leu1u403t: browser_search
[2026-02-15T06:04:00.038Z] Executing task task_1770917627288_jv0aveup4: browse news for AI
[2026-02-15T06:04:00.053Z] Executing task task_1770917651171_d48ntb4c9: browser_search AI
[2026-02-15T06:04:00.068Z] Executing task task_1770917663543_3s3p5gixn: search for AI news
[2026-02-15T06:04:00.081Z] Executing task task_1771134323358_zouxzi1b7: /usr/bin/firefox --headless
[2026-02-15T06:04:00.112Z] Executing task task_1771134906269_2l2thwpxj: google news ai
[2026-02-15T06:04:23.273Z] Created new task: task_1771135463259_v9m91agnx with cron */1 * * * *
[2026-02-15T06:04:26.574Z] Loaded 9 scheduled tasks.
[2026-02-15T06:05:00.024Z] Executing task task_1771135463259_v9m91agnx: /usr/bin/firefox --headless
[2026-02-15T06:05:00.044Z] Executing task task_1771134906269_2l2thwpxj: google news ai
[2026-02-15T06:05:00.064Z] Executing task task_1771134323358_zouxzi1b7: /usr/bin/firefox --headless
[2026-02-15T06:05:00.076Z] Executing task task_1770917663543_3s3p5gixn: search for AI news
[2026-02-15T06:05:00.092Z] Executing task task_1770917651171_d48ntb4c9: browser_search AI
[2026-02-15T06:05:00.107Z] Executing task task_1770917627288_jv0aveup4: browse news for AI
[2026-02-15T06:05:00.124Z] Executing task task_1770917606820_leu1u403t: browser_search
[2026-02-15T06:06:00.023Z] Executing task task_1770917606820_leu1u403t: browser_search
[2026-02-15T06:06:00.036Z] Executing task task_1770917627288_jv0aveup4: browse news for AI
[2026-02-15T06:06:00.048Z] Executing task task_1770917651171_d48ntb4c9: browser_search AI
[2026-02-15T06:06:00.059Z] Executing task task_1770917663543_3s3p5gixn: search for AI news
[2026-02-15T06:06:00.071Z] Executing task task_1771134323358_zouxzi1b7: /usr/bin/firefox --headless
[2026-02-15T06:06:00.081Z] Executing task task_1771134906269_2l2thwpxj: google news ai
[2026-02-15T06:06:00.093Z] Executing task task_1771135463259_v9m91agnx: /usr/bin/firefox --headless
[2026-02-15T06:06:45.716Z] Loaded 9 scheduled tasks.
[2026-02-15T06:07:00.011Z] Executing task task_1771135463259_v9m91agnx: /usr/bin/firefox --headless
[2026-02-15T06:07:00.028Z] Executing task task_1771134906269_2l2thwpxj: google news ai
[2026-02-15T06:07:00.055Z] Executing task task_1771134323358_zouxzi1b7: /usr/bin/firefox --headless
[2026-02-15T06:07:00.072Z] Executing task task_1770917663543_3s3p5gixn: search for AI news
[2026-02-15T06:07:00.083Z] Executing task task_1770917651171_d48ntb4c9: browser_search AI
[2026-02-15T06:07:00.097Z] Executing task task_1770917627288_jv0aveup4: browse news for AI
[2026-02-15T06:07:00.115Z] Executing task task_1770917606820_leu1u403t: browser_search
[2026-02-15T06:08:00.021Z] Executing task task_1770917606820_leu1u403t: browser_search
[2026-02-15T06:08:00.026Z] Executing task task_1770917627288_jv0aveup4: browse news for AI
[2026-02-15T06:08:00.031Z] Executing task task_1770917651171_d48ntb4c9: browser_search AI
[2026-02-15T06:08:00.036Z] Executing task task_1770917663543_3s3p5gixn: search for AI news
[2026-02-15T06:08:00.040Z] Executing task task_1771134323358_zouxzi1b7: /usr/bin/firefox --headless
[2026-02-15T06:08:00.045Z] Executing task task_1771134906269_2l2thwpxj: google news ai
[2026-02-15T06:08:00.049Z] Executing task task_1771135463259_v9m91agnx: /usr/bin/firefox --headless
[2026-02-15T06:08:22.041Z] Created new task: task_1771135702030_t7auuuxqi with cron */1 * * * *
[2026-02-15T06:08:22.061Z] Created new task: task_1771135702052_d6ytzscv9 with cron */1 * * * *
[2026-02-15T06:08:25.376Z] Loaded 11 scheduled tasks.
[2026-02-15T06:08:43.355Z] Loaded 11 scheduled tasks.
[2026-02-15T06:08:59.859Z] Loaded 11 scheduled tasks.
[2026-02-15T06:09:00.128Z] Executing task task_1771135702052_d6ytzscv9: Browser search for AI results
[2026-02-15T06:09:00.148Z] Executing task task_1771135702030_t7auuuxqi: /usr/bin/firefox --headless
[2026-02-15T06:09:00.173Z] Executing task task_1771135463259_v9m91agnx: /usr/bin/firefox --headless
[2026-02-15T06:09:00.192Z] Executing task task_1771134906269_2l2thwpxj: google news ai
[2026-02-15T06:09:00.210Z] Executing task task_1771134323358_zouxzi1b7: /usr/bin/firefox --headless
[2026-02-15T06:09:00.239Z] Executing task task_1770917663543_3s3p5gixn: search for AI news
[2026-02-15T06:09:00.258Z] Executing task task_1770917651171_d48ntb4c9: browser_search AI
[2026-02-15T06:09:00.269Z] Executing task task_1770917627288_jv0aveup4: browse news for AI
[2026-02-15T06:09:00.276Z] Executing task task_1770917606820_leu1u403t: browser_search
[2026-02-15T06:09:17.126Z] Loaded 11 scheduled tasks.
[2026-02-15T06:10:00.014Z] Executing task task_1771135702052_d6ytzscv9: Browser search for AI results
[2026-02-15T06:10:00.024Z] Executing task task_1771135702030_t7auuuxqi: /usr/bin/firefox --headless
[2026-02-15T06:10:00.030Z] Executing task task_1771135463259_v9m91agnx: /usr/bin/firefox --headless
[2026-02-15T06:10:00.035Z] Executing task task_1771134906269_2l2thwpxj: google news ai
[2026-02-15T06:10:00.040Z] Executing task task_1771134323358_zouxzi1b7: /usr/bin/firefox --headless
[2026-02-15T06:10:00.046Z] Executing task task_1770917663543_3s3p5gixn: search for AI news
[2026-02-15T06:10:00.051Z] Executing task task_1770917651171_d48ntb4c9: browser_search AI
[2026-02-15T06:10:00.057Z] Executing task task_1770917627288_jv0aveup4: browse news for AI
[2026-02-15T06:10:00.062Z] Executing task task_1770917606820_leu1u403t: browser_search
[2026-02-15T06:10:05.572Z] Loaded 11 scheduled tasks.
[2026-02-15T06:11:00.020Z] Executing task task_1771135702052_d6ytzscv9: Browser search for AI results
[2026-02-15T06:11:00.034Z] Executing task task_1771135702030_t7auuuxqi: /usr/bin/firefox --headless
[2026-02-15T06:11:00.044Z] Executing task task_1771135463259_v9m91agnx: /usr/bin/firefox --headless
[2026-02-15T06:11:00.054Z] Executing task task_1771134906269_2l2thwpxj: google news ai
[2026-02-15T06:11:00.064Z] Executing task task_1771134323358_zouxzi1b7: /usr/bin/firefox --headless
[2026-02-15T06:11:00.074Z] Executing task task_1770917663543_3s3p5gixn: search for AI news
[2026-02-15T06:11:00.084Z] Executing task task_1770917651171_d48ntb4c9: browser_search AI
[2026-02-15T06:11:00.096Z] Executing task task_1770917627288_jv0aveup4: browse news for AI
[2026-02-15T06:11:00.104Z] Executing task task_1770917606820_leu1u403t: browser_search
[2026-02-15T06:11:16.244Z] Loaded 11 scheduled tasks.
[2026-02-15T06:11:33.840Z] Loaded 11 scheduled tasks.
[2026-02-15T06:12:00.011Z] Executing task task_1771135702052_d6ytzscv9: Browser search for AI results
[2026-02-15T06:12:00.016Z] Executing task task_1771135702030_t7auuuxqi: /usr/bin/firefox --headless
[2026-02-15T06:12:00.020Z] Executing task task_1771135463259_v9m91agnx: /usr/bin/firefox --headless
[2026-02-15T06:12:00.029Z] Executing task task_1771134906269_2l2thwpxj: google news ai
[2026-02-15T06:12:00.035Z] Executing task task_1771134323358_zouxzi1b7: /usr/bin/firefox --headless
[2026-02-15T06:12:00.040Z] Executing task task_1770917663543_3s3p5gixn: search for AI news
[2026-02-15T06:12:00.046Z] Executing task task_1770917651171_d48ntb4c9: browser_search AI
[2026-02-15T06:12:00.052Z] Executing task task_1770917627288_jv0aveup4: browse news for AI
[2026-02-15T06:12:00.059Z] Executing task task_1770917606820_leu1u403t: browser_search
[2026-02-15T06:13:00.022Z] Executing task task_1770917606820_leu1u403t: browser_search
[2026-02-15T06:13:00.031Z] Executing task task_1770917627288_jv0aveup4: browse news for AI
[2026-02-15T06:13:00.037Z] Executing task task_1770917651171_d48ntb4c9: browser_search AI
[2026-02-15T06:13:00.042Z] Executing task task_1770917663543_3s3p5gixn: search for AI news
[2026-02-15T06:13:00.046Z] Executing task task_1771134323358_zouxzi1b7: /usr/bin/firefox --headless
[2026-02-15T06:13:00.052Z] Executing task task_1771134906269_2l2thwpxj: google news ai
[2026-02-15T06:13:00.056Z] Executing task task_1771135463259_v9m91agnx: /usr/bin/firefox --headless
[2026-02-15T06:13:00.061Z] Executing task task_1771135702030_t7auuuxqi: /usr/bin/firefox --headless
[2026-02-15T06:13:00.065Z] Executing task task_1771135702052_d6ytzscv9: Browser search for AI results
[2026-02-15T06:13:38.160Z] Created new task: task_1771136018148_jmurqmd9o with cron */1 * * * *
[2026-02-15T06:13:41.477Z] Loaded 12 scheduled tasks.
[2026-02-15T06:14:00.015Z] Executing task task_1771136018148_jmurqmd9o: fetch_url({url:'https://news.google.com/rss/search?q=AI&hl=en-US&gl=US&ceid=US:en',raw:true})
[2026-02-15T06:14:00.030Z] Executing task task_1771135702052_d6ytzscv9: Browser search for AI results
[2026-02-15T06:14:00.047Z] Executing task task_1771135702030_t7auuuxqi: /usr/bin/firefox --headless
[2026-02-15T06:14:00.060Z] Executing task task_1771135463259_v9m91agnx: /usr/bin/firefox --headless
[2026-02-15T06:14:00.076Z] Executing task task_1771134906269_2l2thwpxj: google news ai
[2026-02-15T06:14:00.091Z] Executing task task_1771134323358_zouxzi1b7: /usr/bin/firefox --headless
[2026-02-15T06:14:00.108Z] Executing task task_1770917663543_3s3p5gixn: search for AI news
[2026-02-15T06:14:00.124Z] Executing task task_1770917651171_d48ntb4c9: browser_search AI
[2026-02-15T06:14:00.141Z] Executing task task_1770917627288_jv0aveup4: browse news for AI
[2026-02-15T06:14:00.149Z] Executing task task_1770917606820_leu1u403t: browser_search
[2026-02-15T06:15:00.008Z] Executing task task_1770917606820_leu1u403t: browser_search
[2026-02-15T06:15:00.019Z] Executing task task_1770917627288_jv0aveup4: browse news for AI
[2026-02-15T06:15:00.029Z] Executing task task_1770917651171_d48ntb4c9: browser_search AI
[2026-02-15T06:15:00.036Z] Executing task task_1770917663543_3s3p5gixn: search for AI news
[2026-02-15T06:15:00.040Z] Executing task task_1771134323358_zouxzi1b7: /usr/bin/firefox --headless
[2026-02-15T06:15:00.047Z] Executing task task_1771134906269_2l2thwpxj: google news ai
[2026-02-15T06:15:00.056Z] Executing task task_1771135463259_v9m91agnx: /usr/bin/firefox --headless
[2026-02-15T06:15:00.060Z] Executing task task_1771135702030_t7auuuxqi: /usr/bin/firefox --headless
[2026-02-15T06:15:00.065Z] Executing task task_1771135702052_d6ytzscv9: Browser search for AI results
[2026-02-15T06:15:00.068Z] Executing task task_1771136018148_jmurqmd9o: fetch_url({url:'https://news.google.com/rss/search?q=AI&hl=en-US&gl=US&ceid=US:en',raw:true})
[2026-02-15T06:16:01.954Z] Loaded 12 scheduled tasks.
[2026-02-15T06:16:10.448Z] Loaded 12 scheduled tasks.
[2026-02-15T06:16:19.587Z] Loaded 12 scheduled tasks.
[2026-02-15T06:17:00.023Z] Executing task task_1771136018148_jmurqmd9o: fetch_url({url:'https://news.google.com/rss/search?q=AI&hl=en-US&gl=US&ceid=US:en',raw:true})
[2026-02-15T06:17:00.033Z] Executing task task_1771135702052_d6ytzscv9: Browser search for AI results
[2026-02-15T06:17:00.040Z] Executing task task_1771135702030_t7auuuxqi: /usr/bin/firefox --headless
[2026-02-15T06:17:00.044Z] Executing task task_1771135463259_v9m91agnx: /usr/bin/firefox --headless
[2026-02-15T06:17:00.049Z] Executing task task_1771134906269_2l2thwpxj: google news ai
[2026-02-15T06:17:00.054Z] Executing task task_1771134323358_zouxzi1b7: /usr/bin/firefox --headless
[2026-02-15T06:17:00.057Z] Executing task task_1770917663543_3s3p5gixn: search for AI news
[2026-02-15T06:17:00.061Z] Executing task task_1770917651171_d48ntb4c9: browser_search AI
[2026-02-15T06:17:00.066Z] Executing task task_1770917627288_jv0aveup4: browse news for AI
[2026-02-15T06:17:00.073Z] Executing task task_1770917606820_leu1u403t: browser_search
[2026-02-15T06:18:00.017Z] Executing task task_1770917606820_leu1u403t: browser_search
[2026-02-15T06:18:00.023Z] Executing task task_1770917627288_jv0aveup4: browse news for AI
[2026-02-15T06:18:00.029Z] Executing task task_1770917651171_d48ntb4c9: browser_search AI
[2026-02-15T06:18:00.037Z] Executing task task_1770917663543_3s3p5gixn: search for AI news
[2026-02-15T06:18:00.042Z] Executing task task_1771134323358_zouxzi1b7: /usr/bin/firefox --headless
[2026-02-15T06:18:00.046Z] Executing task task_1771134906269_2l2thwpxj: google news ai
[2026-02-15T06:18:00.053Z] Executing task task_1771135463259_v9m91agnx: /usr/bin/firefox --headless
[2026-02-15T06:18:00.059Z] Executing task task_1771135702030_t7auuuxqi: /usr/bin/firefox --headless
[2026-02-15T06:18:00.066Z] Executing task task_1771135702052_d6ytzscv9: Browser search for AI results
[2026-02-15T06:18:00.072Z] Executing task task_1771136018148_jmurqmd9o: fetch_url({url:'https://news.google.com/rss/search?q=AI&hl=en-US&gl=US&ceid=US:en',raw:true})
[2026-02-15T06:19:00.006Z] Executing task task_1771136018148_jmurqmd9o: fetch_url({url:'https://news.google.com/rss/search?q=AI&hl=en-US&gl=US&ceid=US:en',raw:true})
[2026-02-15T06:19:00.012Z] Executing task task_1771135702052_d6ytzscv9: Browser search for AI results
[2026-02-15T06:19:00.016Z] Executing task task_1771135702030_t7auuuxqi: /usr/bin/firefox --headless
[2026-02-15T06:19:00.023Z] Executing task task_1771135463259_v9m91agnx: /usr/bin/firefox --headless
[2026-02-15T06:19:00.028Z] Executing task task_1771134906269_2l2thwpxj: google news ai
[2026-02-15T06:19:00.032Z] Executing task task_1771134323358_zouxzi1b7: /usr/bin/firefox --headless
[2026-02-15T06:19:00.036Z] Executing task task_1770917663543_3s3p5gixn: search for AI news
[2026-02-15T06:19:00.039Z] Executing task task_1770917651171_d48ntb4c9: browser_search AI
[2026-02-15T06:19:00.042Z] Executing task task_1770917627288_jv0aveup4: browse news for AI
[2026-02-15T06:19:00.046Z] Executing task task_1770917606820_leu1u403t: browser_search
[2026-02-15T06:20:00.010Z] Executing task task_1770917606820_leu1u403t: browser_search
[2026-02-15T06:20:00.018Z] Executing task task_1770917627288_jv0aveup4: browse news for AI
[2026-02-15T06:20:00.029Z] Executing task task_1770917651171_d48ntb4c9: browser_search AI
[2026-02-15T06:20:00.039Z] Executing task task_1770917663543_3s3p5gixn: search for AI news
[2026-02-15T06:20:00.048Z] Executing task task_1771134323358_zouxzi1b7: /usr/bin/firefox --headless
[2026-02-15T06:20:00.059Z] Executing task task_1771134906269_2l2thwpxj: google news ai
[2026-02-15T06:20:00.069Z] Executing task task_1771135463259_v9m91agnx: /usr/bin/firefox --headless
[2026-02-15T06:20:00.076Z] Executing task task_1771135702030_t7auuuxqi: /usr/bin/firefox --headless
[2026-02-15T06:20:00.085Z] Executing task task_1771135702052_d6ytzscv9: Browser search for AI results
[2026-02-15T06:20:00.092Z] Executing task task_1771136018148_jmurqmd9o: fetch_url({url:'https://news.google.com/rss/search?q=AI&hl=en-US&gl=US&ceid=US:en',raw:true})
[2026-02-15T06:21:00.012Z] Executing task task_1771136018148_jmurqmd9o: fetch_url({url:'https://news.google.com/rss/search?q=AI&hl=en-US&gl=US&ceid=US:en',raw:true})
[2026-02-15T06:21:00.024Z] Executing task task_1771135702052_d6ytzscv9: Browser search for AI results
[2026-02-15T06:21:00.049Z] Executing task task_1771135702030_t7auuuxqi: /usr/bin/firefox --headless
[2026-02-15T06:21:00.064Z] Executing task task_1771135463259_v9m91agnx: /usr/bin/firefox --headless
[2026-02-15T06:21:00.079Z] Executing task task_1771134906269_2l2thwpxj: google news ai
[2026-02-15T06:21:00.086Z] Executing task task_1771134323358_zouxzi1b7: /usr/bin/firefox --headless
[2026-02-15T06:21:00.092Z] Executing task task_1770917663543_3s3p5gixn: search for AI news
[2026-02-15T06:21:00.099Z] Executing task task_1770917651171_d48ntb4c9: browser_search AI
[2026-02-15T06:21:00.106Z] Executing task task_1770917627288_jv0aveup4: browse news for AI
[2026-02-15T06:21:00.114Z] Executing task task_1770917606820_leu1u403t: browser_search
[2026-02-15T06:22:00.011Z] Executing task task_1770917606820_leu1u403t: browser_search
[2026-02-15T06:22:00.041Z] Executing task task_1770917627288_jv0aveup4: browse news for AI
[2026-02-15T06:22:00.058Z] Executing task task_1770917651171_d48ntb4c9: browser_search AI
[2026-02-15T06:22:00.070Z] Executing task task_1770917663543_3s3p5gixn: search for AI news
[2026-02-15T06:22:00.076Z] Executing task task_1771134323358_zouxzi1b7: /usr/bin/firefox --headless
[2026-02-15T06:22:00.087Z] Executing task task_1771134906269_2l2thwpxj: google news ai
[2026-02-15T06:22:00.096Z] Executing task task_1771135463259_v9m91agnx: /usr/bin/firefox --headless
[2026-02-15T06:22:00.110Z] Executing task task_1771135702030_t7auuuxqi: /usr/bin/firefox --headless
[2026-02-15T06:22:00.126Z] Executing task task_1771135702052_d6ytzscv9: Browser search for AI results
[2026-02-15T06:22:00.139Z] Executing task task_1771136018148_jmurqmd9o: fetch_url({url:'https://news.google.com/rss/search?q=AI&hl=en-US&gl=US&ceid=US:en',raw:true})
[2026-02-15T06:22:08.281Z] Created new task: task_1771136528269_lzv3hwhat with cron */1 * * * *
[2026-02-15T06:22:12.760Z] Loaded 13 scheduled tasks.
[2026-02-15T06:23:00.022Z] Executing task task_1771136528269_lzv3hwhat: fetch_url({url: "https://news.google.com/rss/search?q=AI", raw: false})
[2026-02-15T06:23:00.033Z] Executing task task_1771136018148_jmurqmd9o: fetch_url({url:'https://news.google.com/rss/search?q=AI&hl=en-US&gl=US&ceid=US:en',raw:true})
[2026-02-15T06:23:00.043Z] Executing task task_1771135702052_d6ytzscv9: Browser search for AI results
[2026-02-15T06:23:00.051Z] Executing task task_1771135702030_t7auuuxqi: /usr/bin/firefox --headless
[2026-02-15T06:23:00.057Z] Executing task task_1771135463259_v9m91agnx: /usr/bin/firefox --headless
[2026-02-15T06:23:00.062Z] Executing task task_1771134906269_2l2thwpxj: google news ai
[2026-02-15T06:23:00.067Z] Executing task task_1771134323358_zouxzi1b7: /usr/bin/firefox --headless
[2026-02-15T06:23:00.075Z] Executing task task_1770917663543_3s3p5gixn: search for AI news
[2026-02-15T06:23:00.081Z] Executing task task_1770917651171_d48ntb4c9: browser_search AI
[2026-02-15T06:23:00.085Z] Executing task task_1770917627288_jv0aveup4: browse news for AI
[2026-02-15T06:23:00.090Z] Executing task task_1770917606820_leu1u403t: browser_search
[2026-02-15T06:23:13.770Z] Loaded 0 scheduled tasks.
[2026-02-15T07:54:21.717Z] Created new task: task_1771142061692_pso63tfrz with cron */1 * * * *
[2026-02-15T07:54:23.979Z] Loaded 1 scheduled tasks.
[2026-02-15T07:55:00.015Z] Executing task task_1771142061692_pso63tfrz: fetch_url({'url':'https://news.google.com/rss/search?q=AI','raw':true})
[2026-02-15T07:56:00.008Z] Executing task task_1771142061692_pso63tfrz: fetch_url({'url':'https://news.google.com/rss/search?q=AI','raw':true})
[2026-02-15T07:56:08.836Z] Loaded 1 scheduled tasks.
[2026-02-15T07:57:00.010Z] Executing task task_1771142061692_pso63tfrz: fetch_url({'url':'https://news.google.com/rss/search?q=AI','raw':true})
[2026-02-15T07:58:00.015Z] Executing task task_1771142061692_pso63tfrz: fetch_url({'url':'https://news.google.com/rss/search?q=AI','raw':true})
[2026-02-15T07:58:34.749Z] Failed to load scheduler data: Unexpected end of JSON input
[2026-02-15T08:01:11.142Z] Failed to load scheduler data: Unexpected end of JSON input
[2026-02-15T08:01:38.828Z] Failed to load scheduler data: Unexpected end of JSON input
[2026-02-15T08:06:20.059Z] Created new task: task_1771142780039_7dykucd29 with cron */5 * * * *
[2026-02-15T08:06:22.150Z] Loaded 1 scheduled tasks.
[2026-02-15T08:10:00.008Z] Executing task task_1771142780039_7dykucd29: Check for unread emails for me
[2026-02-15T08:13:47.735Z] Loaded 1 scheduled tasks.
[2026-02-15T08:14:50.170Z] Loaded 1 scheduled tasks.
[2026-02-15T08:15:00.026Z] Executing task task_1771142780039_7dykucd29: Check for unread emails for me
[2026-02-15T08:15:36.640Z] Loaded 1 scheduled tasks.
[2026-02-15T08:18:30.209Z] Loaded 1 scheduled tasks.
[2026-02-15T08:18:42.859Z] Failed to load scheduler data: Unexpected end of JSON input
[2026-02-15T08:18:58.778Z] Created new task: task_1771143538756_ql2m4kfij with cron */2 * * * *
[2026-02-15T08:19:00.872Z] Loaded 1 scheduled tasks.
[2026-02-15T08:20:00.011Z] Executing task task_1771143538756_ql2m4kfij: Check for unread emails
[2026-02-15T08:21:31.926Z] Loaded 1 scheduled tasks.
[2026-02-15T08:21:56.964Z] Loaded 1 scheduled tasks.
[2026-02-15T08:22:00.026Z] Executing task task_1771143538756_ql2m4kfij: Check for unread emails
[2026-02-15T08:22:14.755Z] Loaded 1 scheduled tasks.
[2026-02-15T08:22:39.990Z] Loaded 1 scheduled tasks.
[2026-02-15T08:24:00.011Z] Executing task task_1771143538756_ql2m4kfij: Check for unread emails
[2026-02-15T08:26:00.012Z] Executing task task_1771143538756_ql2m4kfij: Check for unread emails
[2026-02-15T08:28:00.013Z] Executing task task_1771143538756_ql2m4kfij: Check for unread emails
[2026-02-15T08:29:05.080Z] Created new task: task_1771144145073_8rg1i9o5c with cron */1 * * * *
[2026-02-15T08:29:07.150Z] Loaded 2 scheduled tasks.
[2026-02-15T08:30:00.014Z] Executing task task_1771144145073_8rg1i9o5c: cron syntax must be a string and can't be combined with hours and minutes. use the following cron syntax for every minute: */1 * * * * for every hour: 0 * * * *.
[2026-02-15T08:30:00.019Z] Executing task task_1771143538756_ql2m4kfij: Check for unread emails
[2026-02-15T08:31:00.011Z] Executing task task_1771144145073_8rg1i9o5c: cron syntax must be a string and can't be combined with hours and minutes. use the following cron syntax for every minute: */1 * * * * for every hour: 0 * * * *.
[2026-02-15T08:32:00.008Z] Executing task task_1771144145073_8rg1i9o5c: cron syntax must be a string and can't be combined with hours and minutes. use the following cron syntax for every minute: */1 * * * * for every hour: 0 * * * *.
[2026-02-15T08:32:00.012Z] Executing task task_1771143538756_ql2m4kfij: Check for unread emails
[2026-02-15T08:33:00.018Z] Executing task task_1771144145073_8rg1i9o5c: cron syntax must be a string and can't be combined with hours and minutes. use the following cron syntax for every minute: */1 * * * * for every hour: 0 * * * *.
[2026-02-15T08:34:00.006Z] Executing task task_1771144145073_8rg1i9o5c: cron syntax must be a string and can't be combined with hours and minutes. use the following cron syntax for every minute: */1 * * * * for every hour: 0 * * * *.
[2026-02-15T08:34:00.009Z] Executing task task_1771143538756_ql2m4kfij: Check for unread emails
[2026-02-15T09:08:40.254Z] Executing task task_1771144145073_8rg1i9o5c: cron syntax must be a string and can't be combined with hours and minutes. use the following cron syntax for every minute: */1 * * * * for every hour: 0 * * * *.
[2026-02-15T09:08:40.424Z] Executing task task_1771144145073_8rg1i9o5c: cron syntax must be a string and can't be combined with hours and minutes. use the following cron syntax for every minute: */1 * * * * for every hour: 0 * * * *.
[2026-02-15T09:08:40.589Z] Executing task task_1771143538756_ql2m4kfij: Check for unread emails
[2026-02-15T09:08:40.706Z] Executing task task_1771144145073_8rg1i9o5c: cron syntax must be a string and can't be combined with hours and minutes. use the following cron syntax for every minute: */1 * * * * for every hour: 0 * * * *.
[2026-02-15T09:08:40.832Z] Executing task task_1771144145073_8rg1i9o5c: cron syntax must be a string and can't be combined with hours and minutes. use the following cron syntax for every minute: */1 * * * * for every hour: 0 * * * *.
[2026-02-15T09:08:40.901Z] Executing task task_1771143538756_ql2m4kfij: Check for unread emails
[2026-02-15T09:08:40.953Z] Executing task task_1771144145073_8rg1i9o5c: cron syntax must be a string and can't be combined with hours and minutes. use the following cron syntax for every minute: */1 * * * * for every hour: 0 * * * *.
[2026-02-15T09:08:40.980Z] Executing task task_1771144145073_8rg1i9o5c: cron syntax must be a string and can't be combined with hours and minutes. use the following cron syntax for every minute: */1 * * * * for every hour: 0 * * * *.
[2026-02-15T09:08:40.984Z] Executing task task_1771143538756_ql2m4kfij: Check for unread emails
[2026-02-15T09:08:40.991Z] Executing task task_1771144145073_8rg1i9o5c: cron syntax must be a string and can't be combined with hours and minutes. use the following cron syntax for every minute: */1 * * * * for every hour: 0 * * * *.
[2026-02-15T09:08:40.999Z] Executing task task_1771144145073_8rg1i9o5c: cron syntax must be a string and can't be combined with hours and minutes. use the following cron syntax for every minute: */1 * * * * for every hour: 0 * * * *.
[2026-02-15T09:08:41.006Z] Executing task task_1771143538756_ql2m4kfij: Check for unread emails
[2026-02-15T09:08:41.021Z] Executing task task_1771144145073_8rg1i9o5c: cron syntax must be a string and can't be combined with hours and minutes. use the following cron syntax for every minute: */1 * * * * for every hour: 0 * * * *.
[2026-02-15T09:08:41.032Z] Executing task task_1771144145073_8rg1i9o5c: cron syntax must be a string and can't be combined with hours and minutes. use the following cron syntax for every minute: */1 * * * * for every hour: 0 * * * *.
[2026-02-15T09:08:41.042Z] Executing task task_1771143538756_ql2m4kfij: Check for unread emails
[2026-02-15T09:08:41.058Z] Executing task task_1771144145073_8rg1i9o5c: cron syntax must be a string and can't be combined with hours and minutes. use the following cron syntax for every minute: */1 * * * * for every hour: 0 * * * *.
[2026-02-15T09:08:41.075Z] Executing task task_1771144145073_8rg1i9o5c: cron syntax must be a string and can't be combined with hours and minutes. use the following cron syntax for every minute: */1 * * * * for every hour: 0 * * * *.
[2026-02-15T09:08:41.088Z] Executing task task_1771143538756_ql2m4kfij: Check for unread emails
[2026-02-15T09:08:41.101Z] Executing task task_1771144145073_8rg1i9o5c: cron syntax must be a string and can't be combined with hours and minutes. use the following cron syntax for every minute: */1 * * * * for every hour: 0 * * * *.
[2026-02-15T09:08:41.110Z] Executing task task_1771144145073_8rg1i9o5c: cron syntax must be a string and can't be combined with hours and minutes. use the following cron syntax for every minute: */1 * * * * for every hour: 0 * * * *.
[2026-02-15T09:08:41.115Z] Executing task task_1771143538756_ql2m4kfij: Check for unread emails
[2026-02-15T09:08:41.120Z] Executing task task_1771144145073_8rg1i9o5c: cron syntax must be a string and can't be combined with hours and minutes. use the following cron syntax for every minute: */1 * * * * for every hour: 0 * * * *.
[2026-02-15T09:08:41.129Z] Executing task task_1771144145073_8rg1i9o5c: cron syntax must be a string and can't be combined with hours and minutes. use the following cron syntax for every minute: */1 * * * * for every hour: 0 * * * *.
[2026-02-15T09:08:41.132Z] Executing task task_1771143538756_ql2m4kfij: Check for unread emails
[2026-02-15T09:08:41.166Z] Executing task task_1771144145073_8rg1i9o5c: cron syntax must be a string and can't be combined with hours and minutes. use the following cron syntax for every minute: */1 * * * * for every hour: 0 * * * *.
[2026-02-15T09:08:41.220Z] Executing task task_1771144145073_8rg1i9o5c: cron syntax must be a string and can't be combined with hours and minutes. use the following cron syntax for every minute: */1 * * * * for every hour: 0 * * * *.
[2026-02-15T09:08:41.312Z] Executing task task_1771143538756_ql2m4kfij: Check for unread emails
[2026-02-15T09:08:41.333Z] Executing task task_1771144145073_8rg1i9o5c: cron syntax must be a string and can't be combined with hours and minutes. use the following cron syntax for every minute: */1 * * * * for every hour: 0 * * * *.
[2026-02-15T09:08:41.351Z] Executing task task_1771144145073_8rg1i9o5c: cron syntax must be a string and can't be combined with hours and minutes. use the following cron syntax for every minute: */1 * * * * for every hour: 0 * * * *.
[2026-02-15T09:08:41.370Z] Executing task task_1771143538756_ql2m4kfij: Check for unread emails
[2026-02-15T09:08:41.378Z] Executing task task_1771144145073_8rg1i9o5c: cron syntax must be a string and can't be combined with hours and minutes. use the following cron syntax for every minute: */1 * * * * for every hour: 0 * * * *.
[2026-02-15T09:08:41.403Z] Executing task task_1771144145073_8rg1i9o5c: cron syntax must be a string and can't be combined with hours and minutes. use the following cron syntax for every minute: */1 * * * * for every hour: 0 * * * *.
[2026-02-15T09:08:41.412Z] Executing task task_1771143538756_ql2m4kfij: Check for unread emails
[2026-02-15T09:08:41.425Z] Executing task task_1771144145073_8rg1i9o5c: cron syntax must be a string and can't be combined with hours and minutes. use the following cron syntax for every minute: */1 * * * * for every hour: 0 * * * *.
[2026-02-15T09:08:41.446Z] Executing task task_1771144145073_8rg1i9o5c: cron syntax must be a string and can't be combined with hours and minutes. use the following cron syntax for every minute: */1 * * * * for every hour: 0 * * * *.
[2026-02-15T09:08:41.491Z] Executing task task_1771143538756_ql2m4kfij: Check for unread emails
[2026-02-15T09:08:41.514Z] Executing task task_1771144145073_8rg1i9o5c: cron syntax must be a string and can't be combined with hours and minutes. use the following cron syntax for every minute: */1 * * * * for every hour: 0 * * * *.
[2026-02-15T09:08:41.535Z] Executing task task_1771144145073_8rg1i9o5c: cron syntax must be a string and can't be combined with hours and minutes. use the following cron syntax for every minute: */1 * * * * for every hour: 0 * * * *.
[2026-02-15T09:08:41.569Z] Executing task task_1771143538756_ql2m4kfij: Check for unread emails
[2026-02-15T09:08:41.607Z] Executing task task_1771144145073_8rg1i9o5c: cron syntax must be a string and can't be combined with hours and minutes. use the following cron syntax for every minute: */1 * * * * for every hour: 0 * * * *.
[2026-02-15T09:08:41.735Z] Executing task task_1771144145073_8rg1i9o5c: cron syntax must be a string and can't be combined with hours and minutes. use the following cron syntax for every minute: */1 * * * * for every hour: 0 * * * *.
[2026-02-15T09:08:41.759Z] Executing task task_1771143538756_ql2m4kfij: Check for unread emails
[2026-02-15T09:08:41.790Z] Executing task task_1771144145073_8rg1i9o5c: cron syntax must be a string and can't be combined with hours and minutes. use the following cron syntax for every minute: */1 * * * * for every hour: 0 * * * *.
[2026-02-15T09:08:41.835Z] Executing task task_1771144145073_8rg1i9o5c: cron syntax must be a string and can't be combined with hours and minutes. use the following cron syntax for every minute: */1 * * * * for every hour: 0 * * * *.
[2026-02-15T09:08:41.838Z] Executing task task_1771143538756_ql2m4kfij: Check for unread emails
[2026-02-15T09:08:41.844Z] Executing task task_1771144145073_8rg1i9o5c: cron syntax must be a string and can't be combined with hours and minutes. use the following cron syntax for every minute: */1 * * * * for every hour: 0 * * * *.
[2026-02-15T09:08:41.850Z] Executing task task_1771144145073_8rg1i9o5c: cron syntax must be a string and can't be combined with hours and minutes. use the following cron syntax for every minute: */1 * * * * for every hour: 0 * * * *.
[2026-02-15T09:08:41.854Z] Executing task task_1771143538756_ql2m4kfij: Check for unread emails
[2026-02-15T09:08:41.860Z] Executing task task_1771144145073_8rg1i9o5c: cron syntax must be a string and can't be combined with hours and minutes. use the following cron syntax for every minute: */1 * * * * for every hour: 0 * * * *.
[2026-02-15T09:08:41.864Z] Executing task task_1771144145073_8rg1i9o5c: cron syntax must be a string and can't be combined with hours and minutes. use the following cron syntax for every minute: */1 * * * * for every hour: 0 * * * *.
[2026-02-15T09:08:41.868Z] Executing task task_1771143538756_ql2m4kfij: Check for unread emails
[2026-02-15T09:09:00.008Z] Executing task task_1771144145073_8rg1i9o5c: cron syntax must be a string and can't be combined with hours and minutes. use the following cron syntax for every minute: */1 * * * * for every hour: 0 * * * *.
[2026-02-15T09:10:00.013Z] Executing task task_1771144145073_8rg1i9o5c: cron syntax must be a string and can't be combined with hours and minutes. use the following cron syntax for every minute: */1 * * * * for every hour: 0 * * * *.
[2026-02-15T09:10:00.015Z] Executing task task_1771143538756_ql2m4kfij: Check for unread emails
[2026-02-15T09:11:00.015Z] Executing task task_1771144145073_8rg1i9o5c: cron syntax must be a string and can't be combined with hours and minutes. use the following cron syntax for every minute: */1 * * * * for every hour: 0 * * * *.
[2026-02-15T09:12:00.005Z] Executing task task_1771144145073_8rg1i9o5c: cron syntax must be a string and can't be combined with hours and minutes. use the following cron syntax for every minute: */1 * * * * for every hour: 0 * * * *.
[2026-02-15T09:12:00.008Z] Executing task task_1771143538756_ql2m4kfij: Check for unread emails
[2026-02-15T09:12:08.412Z] Created new task: task_1771146728411_m0sjeiulf with cron */5 * * * *
[2026-02-15T09:12:10.724Z] Loaded 3 scheduled tasks.
[2026-02-15T09:12:41.563Z] Loaded 1 scheduled tasks.
[2026-02-15T09:14:29.743Z] Loaded 1 scheduled tasks.
[2026-02-15T09:15:00.010Z] Executing task task_1771146728411_m0sjeiulf: Check unread emails
[2026-02-15T09:20:00.010Z] Executing task task_1771146728411_m0sjeiulf: Check unread emails
[2026-02-15T09:20:24.854Z] Created new task: task_1771147224852_d2pjycug7 with cron 0 0 */4 * * *
[2026-02-15T09:20:27.200Z] Loaded 2 scheduled tasks.
[2026-02-15T09:25:00.017Z] Executing task task_1771146728411_m0sjeiulf: Check unread emails
[2026-02-15T09:25:11.695Z] Created new task: task_1771147511688_44na2x2v9 with cron 59 23 * * *
[2026-02-15T09:25:14.045Z] Loaded 3 scheduled tasks.
[2026-02-15T09:30:00.016Z] Executing task task_1771146728411_m0sjeiulf: Check unread emails
[2026-02-15T09:35:00.018Z] Executing task task_1771146728411_m0sjeiulf: Check unread emails
[2026-02-15T09:40:00.011Z] Executing task task_1771146728411_m0sjeiulf: Check unread emails
[2026-02-15T09:45:00.020Z] Executing task task_1771146728411_m0sjeiulf: Check unread emails
[2026-02-15T09:47:10.163Z] Loaded 2 scheduled tasks.
[2026-02-15T09:49:01.443Z] Loaded 2 scheduled tasks.
[2026-02-15T09:51:50.108Z] Loaded 2 scheduled tasks.
[2026-02-15T09:52:42.060Z] Loaded 1 scheduled tasks.
[2026-02-15T09:53:54.352Z] Failed to load scheduler data: Unexpected end of JSON input
[2026-02-15T10:02:14.144Z] Failed to load scheduler data: Unexpected end of JSON input
[2026-02-15T10:03:00.857Z] Created new task: task_1771149780834_mf2dw41dd with cron */5 * * * *
[2026-02-15T10:03:03.049Z] Loaded 1 scheduled tasks.
[2026-02-15T10:05:00.018Z] Executing task task_1771149780834_mf2dw41dd: Check for unread emails
[2026-02-15T10:05:35.168Z] Created new task: task_1771149935163_lhamg8ea6 with cron */5 * * * *
[2026-02-15T10:05:37.395Z] Loaded 2 scheduled tasks.
[2026-02-15T10:07:47.430Z] Loaded 2 scheduled tasks.
[2026-02-15T10:08:59.334Z] Created new task: task_1771150139330_kx5gaz96r with cron */5 * * * *
[2026-02-15T10:09:02.045Z] Loaded 3 scheduled tasks.
[2026-02-15T10:09:38.890Z] Failed to load scheduler data: Unexpected token 'i', "[
  i 
  {
   "... is not valid JSON
[2026-02-15T10:09:42.260Z] Loaded 1 scheduled tasks.
[2026-02-15T10:10:00.010Z] Executing task task_1771150139330_kx5gaz96r: Check for unread mails.
[2026-02-15T10:12:40.001Z] Loaded 1 scheduled tasks.
[2026-02-15T10:13:33.866Z] Loaded 1 scheduled tasks.
[2026-02-15T10:13:53.915Z] Loaded 1 scheduled tasks.
[2026-02-15T10:15:00.016Z] Executing task task_1771150139330_kx5gaz96r: Check for unread mails.
[2026-02-15T10:20:00.016Z] Executing task task_1771150139330_kx5gaz96r: Check for unread mails.
[2026-02-15T10:20:23.908Z] Loaded 1 scheduled tasks.
[2026-02-15T10:20:50.451Z] Loaded 0 scheduled tasks.
[2026-02-15T10:21:40.610Z] Created new task: task_1771150900588_mesoiml4c with cron */5 * * * *
[2026-02-15T10:21:42.818Z] Loaded 1 scheduled tasks.
[2026-02-15T10:22:35.957Z] Loaded 0 scheduled tasks.
[2026-02-15T10:28:08.998Z] Scheduler data file is empty, starting fresh
[2026-02-15T10:30:11.189Z] Saved 1 tasks to disk
[2026-02-15T10:30:11.193Z] Created new task: task_1771151411166_uuvi3n5y3 with cron */1 * * * *
[2026-02-15T10:30:13.275Z] Loaded 1 scheduled tasks.
[2026-02-15T10:31:00.016Z] Executing task task_1771151411166_uuvi3n5y3: gmail_list_unread({maxResults:10, userId:'me'})
[2026-02-15T10:32:00.005Z] Executing task task_1771151411166_uuvi3n5y3: gmail_list_unread({maxResults:10, userId:'me'})
[2026-02-15T10:33:00.014Z] Executing task task_1771151411166_uuvi3n5y3: gmail_list_unread({maxResults:10, userId:'me'})
[2026-02-15T10:34:00.010Z] Executing task task_1771151411166_uuvi3n5y3: gmail_list_unread({maxResults:10, userId:'me'})
[2026-02-15T10:35:00.007Z] Executing task task_1771151411166_uuvi3n5y3: gmail_list_unread({maxResults:10, userId:'me'})
[2026-02-15T10:36:00.014Z] Executing task task_1771151411166_uuvi3n5y3: gmail_list_unread({maxResults:10, userId:'me'})
[2026-02-15T10:37:00.005Z] Executing task task_1771151411166_uuvi3n5y3: gmail_list_unread({maxResults:10, userId:'me'})
[2026-02-15T10:38:00.009Z] Executing task task_1771151411166_uuvi3n5y3: gmail_list_unread({maxResults:10, userId:'me'})
[2026-02-15T10:38:11.065Z] Loaded 1 scheduled tasks.
[2026-02-15T10:38:38.684Z] Loaded 1 scheduled tasks.
[2026-02-15T10:39:00.006Z] Executing task task_1771151411166_uuvi3n5y3: gmail_list_unread({maxResults:10, userId:'me'})
[2026-02-15T10:40:00.015Z] Executing task task_1771151411166_uuvi3n5y3: gmail_list_unread({maxResults:10, userId:'me'})
[2026-02-15T10:41:00.017Z] Executing task task_1771151411166_uuvi3n5y3: gmail_list_unread({maxResults:10, userId:'me'})
[2026-02-15T10:42:00.007Z] Executing task task_1771151411166_uuvi3n5y3: gmail_list_unread({maxResults:10, userId:'me'})
[2026-02-15T10:43:00.005Z] Executing task task_1771151411166_uuvi3n5y3: gmail_list_unread({maxResults:10, userId:'me'})
[2026-02-15T10:44:00.006Z] Executing task task_1771151411166_uuvi3n5y3: gmail_list_unread({maxResults:10, userId:'me'})
[2026-02-15T10:45:00.009Z] Executing task task_1771151411166_uuvi3n5y3: gmail_list_unread({maxResults:10, userId:'me'})
[2026-02-15T10:46:00.017Z] Executing task task_1771151411166_uuvi3n5y3: gmail_list_unread({maxResults:10, userId:'me'})
[2026-02-15T10:47:00.013Z] Executing task task_1771151411166_uuvi3n5y3: gmail_list_unread({maxResults:10, userId:'me'})
[2026-02-15T10:48:00.014Z] Executing task task_1771151411166_uuvi3n5y3: gmail_list_unread({maxResults:10, userId:'me'})
[2026-02-15T10:49:00.005Z] Executing task task_1771151411166_uuvi3n5y3: gmail_list_unread({maxResults:10, userId:'me'})
[2026-02-15T10:50:00.014Z] Executing task task_1771151411166_uuvi3n5y3: gmail_list_unread({maxResults:10, userId:'me'})
[2026-02-15T10:51:00.016Z] Executing task task_1771151411166_uuvi3n5y3: gmail_list_unread({maxResults:10, userId:'me'})
[2026-02-15T10:52:00.006Z] Executing task task_1771151411166_uuvi3n5y3: gmail_list_unread({maxResults:10, userId:'me'})
[2026-02-15T10:53:00.014Z] Executing task task_1771151411166_uuvi3n5y3: gmail_list_unread({maxResults:10, userId:'me'})
[2026-02-15T10:54:00.015Z] Executing task task_1771151411166_uuvi3n5y3: gmail_list_unread({maxResults:10, userId:'me'})
[2026-02-15T10:55:00.005Z] Executing task task_1771151411166_uuvi3n5y3: gmail_list_unread({maxResults:10, userId:'me'})
[2026-02-15T10:56:00.007Z] Executing task task_1771151411166_uuvi3n5y3: gmail_list_unread({maxResults:10, userId:'me'})
[2026-02-15T10:56:03.715Z] Loaded 1 scheduled tasks.
[2026-02-15T10:57:00.006Z] Executing task task_1771151411166_uuvi3n5y3: gmail_list_unread({maxResults:10, userId:'me'})
[2026-02-15T10:57:12.412Z] Loaded 1 scheduled tasks.
[2026-02-15T10:57:42.850Z] Loaded 1 scheduled tasks.
[2026-02-15T10:58:00.992Z] Loaded 1 scheduled tasks.
[2026-02-15T10:58:20.834Z] Loaded 1 scheduled tasks.
[2026-02-15T10:59:00.015Z] Executing task task_1771151411166_uuvi3n5y3: gmail_list_unread({maxResults:10, userId:'me'})
[2026-02-15T11:00:00.015Z] Executing task task_1771151411166_uuvi3n5y3: gmail_list_unread({maxResults:10, userId:'me'})
[2026-02-15T11:01:00.006Z] Executing task task_1771151411166_uuvi3n5y3: gmail_list_unread({maxResults:10, userId:'me'})
[2026-02-15T11:02:00.005Z] Executing task task_1771151411166_uuvi3n5y3: gmail_list_unread({maxResults:10, userId:'me'})
[2026-02-15T11:03:00.009Z] Executing task task_1771151411166_uuvi3n5y3: gmail_list_unread({maxResults:10, userId:'me'})
[2026-02-15T11:04:00.013Z] Executing task task_1771151411166_uuvi3n5y3: gmail_list_unread({maxResults:10, userId:'me'})
[2026-02-15T11:05:00.014Z] Executing task task_1771151411166_uuvi3n5y3: gmail_list_unread({maxResults:10, userId:'me'})
[2026-02-15T11:06:00.015Z] Executing task task_1771151411166_uuvi3n5y3: gmail_list_unread({maxResults:10, userId:'me'})
[2026-02-15T11:07:00.008Z] Executing task task_1771151411166_uuvi3n5y3: gmail_list_unread({maxResults:10, userId:'me'})
[2026-02-15T11:08:32.052Z] Scheduler data file is empty, starting fresh
[2026-02-15T11:08:58.125Z] Saved 1 tasks to disk
[2026-02-15T11:08:58.126Z] Created new task: task_1771153738104_oy3nrvazt with cron */1 * * * *
[2026-02-15T11:09:00.336Z] Loaded 1 scheduled tasks.
[2026-02-15T11:10:00.011Z] Executing task task_1771153738104_oy3nrvazt: Check for unread emails
[2026-02-15T11:11:00.005Z] Executing task task_1771153738104_oy3nrvazt: Check for unread emails
[2026-02-15T11:12:00.003Z] Executing task task_1771153738104_oy3nrvazt: Check for unread emails
[2026-02-15T11:13:00.013Z] Executing task task_1771153738104_oy3nrvazt: Check for unread emails
[2026-02-15T11:14:00.013Z] Executing task task_1771153738104_oy3nrvazt: Check for unread emails
[2026-02-15T11:15:00.010Z] Executing task task_1771153738104_oy3nrvazt: Check for unread emails
[2026-02-15T11:16:00.017Z] Executing task task_1771153738104_oy3nrvazt: Check for unread emails
[2026-02-15T11:17:00.009Z] Executing task task_1771153738104_oy3nrvazt: Check for unread emails
[2026-02-15T11:18:00.004Z] Executing task task_1771153738104_oy3nrvazt: Check for unread emails
[2026-02-15T11:19:00.007Z] Executing task task_1771153738104_oy3nrvazt: Check for unread emails
[2026-02-15T11:20:00.016Z] Executing task task_1771153738104_oy3nrvazt: Check for unread emails
[2026-02-15T11:21:00.006Z] Executing task task_1771153738104_oy3nrvazt: Check for unread emails
[2026-02-15T11:21:19.236Z] Loaded 1 scheduled tasks.
[2026-02-15T11:21:34.668Z] Loaded 1 scheduled tasks.
[2026-02-15T11:21:34.741Z] Saved 1 tasks to disk
[2026-02-15T11:21:37.177Z] Loaded 1 scheduled tasks.
[2026-02-15T11:21:37.215Z] Saved 1 tasks to disk
[2026-02-15T11:21:39.506Z] Loaded 1 scheduled tasks.
[2026-02-15T11:21:39.543Z] Saved 1 tasks to disk
[2026-02-15T11:21:41.835Z] Loaded 1 scheduled tasks.
[2026-02-15T11:21:41.894Z] Saved 1 tasks to disk
[2026-02-15T11:21:44.653Z] Loaded 1 scheduled tasks.
[2026-02-15T11:21:44.697Z] Saved 1 tasks to disk
[2026-02-15T11:21:47.066Z] Loaded 1 scheduled tasks.
[2026-02-15T11:21:47.120Z] Saved 1 tasks to disk
[2026-02-15T11:21:49.772Z] Loaded 1 scheduled tasks.
[2026-02-15T11:21:49.814Z] Saved 1 tasks to disk
[2026-02-15T11:21:52.288Z] Loaded 1 scheduled tasks.
[2026-02-15T11:21:52.386Z] Saved 1 tasks to disk
[2026-02-15T11:21:54.898Z] Loaded 1 scheduled tasks.
[2026-02-15T11:21:54.967Z] Saved 1 tasks to disk
[2026-02-15T11:21:57.572Z] Loaded 1 scheduled tasks.
[2026-02-15T11:21:57.656Z] Saved 1 tasks to disk
[2026-02-15T11:22:00.548Z] Loaded 1 scheduled tasks.
[2026-02-15T11:22:00.597Z] Saved 1 tasks to disk
[2026-02-15T11:22:03.347Z] Loaded 1 scheduled tasks.
[2026-02-15T11:22:03.410Z] Saved 1 tasks to disk
[2026-02-15T11:22:05.979Z] Loaded 1 scheduled tasks.
[2026-02-15T11:22:06.057Z] Saved 1 tasks to disk
[2026-02-15T11:22:08.602Z] Loaded 1 scheduled tasks.
[2026-02-15T11:22:08.686Z] Saved 1 tasks to disk
[2026-02-15T11:22:11.314Z] Loaded 1 scheduled tasks.
[2026-02-15T11:22:11.378Z] Saved 1 tasks to disk
[2026-02-15T11:22:13.723Z] Loaded 1 scheduled tasks.
[2026-02-15T11:22:13.770Z] Saved 1 tasks to disk
[2026-02-15T11:22:16.393Z] Loaded 1 scheduled tasks.
[2026-02-15T11:22:16.464Z] Saved 1 tasks to disk
[2026-02-15T11:22:19.128Z] Loaded 1 scheduled tasks.
[2026-02-15T11:22:19.189Z] Saved 1 tasks to disk
[2026-02-15T11:22:21.734Z] Loaded 1 scheduled tasks.
[2026-02-15T11:22:21.779Z] Saved 1 tasks to disk
[2026-02-15T11:22:24.553Z] Loaded 1 scheduled tasks.
[2026-02-15T11:22:24.618Z] Saved 1 tasks to disk
[2026-02-15T11:22:27.211Z] Loaded 1 scheduled tasks.
[2026-02-15T11:22:27.263Z] Saved 1 tasks to disk
[2026-02-15T11:22:29.826Z] Loaded 1 scheduled tasks.
[2026-02-15T11:22:29.887Z] Saved 1 tasks to disk
[2026-02-15T11:22:32.235Z] Loaded 1 scheduled tasks.
[2026-02-15T11:22:32.301Z] Saved 1 tasks to disk
[2026-02-15T11:22:34.841Z] Loaded 1 scheduled tasks.
[2026-02-15T11:22:34.922Z] Saved 1 tasks to disk
[2026-02-15T11:22:37.245Z] Loaded 1 scheduled tasks.
[2026-02-15T11:22:37.302Z] Saved 1 tasks to disk
[2026-02-15T11:22:39.690Z] Loaded 1 scheduled tasks.
[2026-02-15T11:22:39.743Z] Saved 1 tasks to disk
[2026-02-15T11:22:42.244Z] Loaded 1 scheduled tasks.
[2026-02-15T11:22:42.320Z] Saved 1 tasks to disk
[2026-02-15T11:22:45.022Z] Loaded 1 scheduled tasks.
[2026-02-15T11:22:45.083Z] Saved 1 tasks to disk
[2026-02-15T11:22:47.590Z] Loaded 1 scheduled tasks.
[2026-02-15T11:22:47.699Z] Saved 1 tasks to disk
[2026-02-15T11:22:50.422Z] Loaded 1 scheduled tasks.
[2026-02-15T11:22:50.488Z] Saved 1 tasks to disk
[2026-02-15T11:22:53.410Z] Loaded 1 scheduled tasks.
[2026-02-15T11:22:53.481Z] Saved 1 tasks to disk
[2026-02-15T11:22:56.229Z] Loaded 1 scheduled tasks.
[2026-02-15T11:22:56.271Z] Saved 1 tasks to disk
[2026-02-15T11:22:58.744Z] Loaded 1 scheduled tasks.
[2026-02-15T11:22:58.795Z] Saved 1 tasks to disk
[2026-02-15T11:23:01.552Z] Loaded 1 scheduled tasks.
[2026-02-15T11:23:01.607Z] Saved 1 tasks to disk
[2026-02-15T11:23:04.749Z] Loaded 1 scheduled tasks.
[2026-02-15T11:23:04.802Z] Saved 1 tasks to disk
[2026-02-15T11:23:08.084Z] Loaded 1 scheduled tasks.
[2026-02-15T11:23:08.143Z] Saved 1 tasks to disk
[2026-02-15T11:23:10.884Z] Loaded 1 scheduled tasks.
[2026-02-15T11:23:10.954Z] Saved 1 tasks to disk
[2026-02-15T11:23:13.476Z] Loaded 1 scheduled tasks.
[2026-02-15T11:23:13.542Z] Saved 1 tasks to disk
[2026-02-15T11:23:16.367Z] Loaded 1 scheduled tasks.
[2026-02-15T11:23:16.437Z] Saved 1 tasks to disk
[2026-02-15T11:23:19.054Z] Loaded 1 scheduled tasks.
[2026-02-15T11:23:19.112Z] Saved 1 tasks to disk
[2026-02-15T11:23:21.526Z] Loaded 1 scheduled tasks.
[2026-02-15T11:23:21.572Z] Saved 1 tasks to disk
[2026-02-15T11:23:24.304Z] Loaded 1 scheduled tasks.
[2026-02-15T11:23:24.361Z] Saved 1 tasks to disk
[2026-02-15T11:23:27.141Z] Loaded 1 scheduled tasks.
[2026-02-15T11:23:27.212Z] Saved 1 tasks to disk
[2026-02-15T11:23:30.007Z] Loaded 1 scheduled tasks.
[2026-02-15T11:23:30.064Z] Saved 1 tasks to disk
[2026-02-15T11:23:32.785Z] Loaded 1 scheduled tasks.
[2026-02-15T11:23:32.845Z] Saved 1 tasks to disk
[2026-02-15T11:23:35.583Z] Loaded 1 scheduled tasks.
[2026-02-15T11:23:35.631Z] Saved 1 tasks to disk
[2026-02-15T11:23:38.187Z] Loaded 1 scheduled tasks.
[2026-02-15T11:23:38.234Z] Saved 1 tasks to disk
[2026-02-15T11:23:41.038Z] Loaded 1 scheduled tasks.
[2026-02-15T11:23:41.118Z] Saved 1 tasks to disk
[2026-02-15T11:23:43.754Z] Loaded 1 scheduled tasks.
[2026-02-15T11:23:43.813Z] Saved 1 tasks to disk
[2026-02-15T11:23:46.294Z] Loaded 1 scheduled tasks.
[2026-02-15T11:23:46.347Z] Saved 1 tasks to disk
[2026-02-15T11:23:48.889Z] Loaded 1 scheduled tasks.
[2026-02-15T11:23:48.940Z] Saved 1 tasks to disk
[2026-02-15T11:23:51.395Z] Loaded 1 scheduled tasks.
[2026-02-15T11:23:51.446Z] Saved 1 tasks to disk
[2026-02-15T11:23:53.875Z] Loaded 1 scheduled tasks.
[2026-02-15T11:23:53.919Z] Saved 1 tasks to disk
[2026-02-15T11:23:56.228Z] Loaded 1 scheduled tasks.
[2026-02-15T11:23:56.294Z] Saved 1 tasks to disk
[2026-02-15T11:23:58.661Z] Loaded 1 scheduled tasks.
[2026-02-15T11:23:58.704Z] Saved 1 tasks to disk
[2026-02-15T11:24:01.199Z] Loaded 1 scheduled tasks.
[2026-02-15T11:24:01.260Z] Saved 1 tasks to disk
[2026-02-15T11:24:03.917Z] Loaded 1 scheduled tasks.
[2026-02-15T11:24:03.973Z] Saved 1 tasks to disk
[2026-02-15T11:24:06.579Z] Loaded 1 scheduled tasks.
[2026-02-15T11:24:06.632Z] Saved 1 tasks to disk
[2026-02-15T11:24:09.157Z] Loaded 1 scheduled tasks.
[2026-02-15T11:24:09.221Z] Saved 1 tasks to disk
[2026-02-15T11:24:11.709Z] Loaded 1 scheduled tasks.
[2026-02-15T11:24:11.781Z] Saved 1 tasks to disk
[2026-02-15T11:24:14.271Z] Loaded 1 scheduled tasks.
[2026-02-15T11:24:14.321Z] Saved 1 tasks to disk
[2026-02-15T11:24:22.876Z] Loaded 1 scheduled tasks.
[2026-02-15T11:24:22.939Z] Saved 1 tasks to disk
[2026-02-15T11:24:25.191Z] Loaded 1 scheduled tasks.
[2026-02-15T11:24:25.245Z] Saved 1 tasks to disk
[2026-02-15T11:24:27.557Z] Loaded 1 scheduled tasks.
[2026-02-15T11:24:27.608Z] Saved 1 tasks to disk
[2026-02-15T11:24:29.987Z] Loaded 1 scheduled tasks.
[2026-02-15T11:24:30.055Z] Saved 1 tasks to disk
[2026-02-15T11:24:32.405Z] Loaded 1 scheduled tasks.
[2026-02-15T11:24:32.469Z] Saved 1 tasks to disk
[2026-02-15T11:24:34.927Z] Loaded 1 scheduled tasks.
[2026-02-15T11:24:34.987Z] Saved 1 tasks to disk
[2026-02-15T11:24:37.650Z] Loaded 1 scheduled tasks.
[2026-02-15T11:24:37.703Z] Saved 1 tasks to disk
[2026-02-15T11:24:40.368Z] Loaded 1 scheduled tasks.
[2026-02-15T11:24:40.444Z] Saved 1 tasks to disk
[2026-02-15T11:24:43.478Z] Loaded 1 scheduled tasks.
[2026-02-15T11:24:43.536Z] Saved 1 tasks to disk
[2026-02-15T11:24:45.998Z] Loaded 1 scheduled tasks.
[2026-02-15T11:24:46.051Z] Saved 1 tasks to disk
[2026-02-15T11:24:48.652Z] Loaded 1 scheduled tasks.
[2026-02-15T11:24:48.717Z] Saved 1 tasks to disk
[2026-02-15T11:24:51.117Z] Loaded 1 scheduled tasks.
[2026-02-15T11:24:51.173Z] Saved 1 tasks to disk
[2026-02-15T11:24:54.693Z] Loaded 1 scheduled tasks.
[2026-02-15T11:24:54.753Z] Saved 1 tasks to disk
[2026-02-15T11:24:57.665Z] Loaded 1 scheduled tasks.
[2026-02-15T11:24:57.735Z] Saved 1 tasks to disk
[2026-02-15T11:25:00.458Z] Loaded 1 scheduled tasks.
[2026-02-15T11:25:00.504Z] Saved 1 tasks to disk
[2026-02-15T11:25:03.192Z] Loaded 1 scheduled tasks.
[2026-02-15T11:25:03.259Z] Saved 1 tasks to disk
[2026-02-15T11:25:05.832Z] Loaded 1 scheduled tasks.
[2026-02-15T11:25:05.889Z] Saved 1 tasks to disk
[2026-02-15T11:25:08.375Z] Loaded 1 scheduled tasks.
[2026-02-15T11:25:08.454Z] Saved 1 tasks to disk
[2026-02-15T11:25:10.980Z] Loaded 1 scheduled tasks.
[2026-02-15T11:25:11.047Z] Saved 1 tasks to disk
[2026-02-15T11:25:14.095Z] Loaded 1 scheduled tasks.
[2026-02-15T11:25:14.155Z] Saved 1 tasks to disk
[2026-02-15T11:25:16.543Z] Loaded 1 scheduled tasks.
[2026-02-15T11:25:16.610Z] Saved 1 tasks to disk
[2026-02-15T11:25:20.725Z] Loaded 1 scheduled tasks.
[2026-02-15T11:25:20.829Z] Saved 1 tasks to disk
[2026-02-15T11:25:24.639Z] Loaded 1 scheduled tasks.
[2026-02-15T11:25:24.696Z] Saved 1 tasks to disk
[2026-02-15T11:25:27.554Z] Loaded 1 scheduled tasks.
[2026-02-15T11:25:27.621Z] Saved 1 tasks to disk
[2026-02-15T11:25:30.745Z] Loaded 1 scheduled tasks.
[2026-02-15T11:25:30.827Z] Saved 1 tasks to disk
[2026-02-15T11:25:33.557Z] Loaded 1 scheduled tasks.
[2026-02-15T11:25:33.613Z] Saved 1 tasks to disk
[2026-02-15T11:25:36.293Z] Loaded 1 scheduled tasks.
[2026-02-15T11:25:36.368Z] Saved 1 tasks to disk
[2026-02-15T11:25:39.223Z] Loaded 1 scheduled tasks.
[2026-02-15T11:25:39.297Z] Saved 1 tasks to disk
[2026-02-15T11:25:41.771Z] Loaded 1 scheduled tasks.
[2026-02-15T11:25:41.823Z] Saved 1 tasks to disk
[2026-02-15T11:25:44.619Z] Loaded 1 scheduled tasks.
[2026-02-15T11:25:44.662Z] Saved 1 tasks to disk
[2026-02-15T11:25:47.132Z] Loaded 1 scheduled tasks.
[2026-02-15T11:25:47.196Z] Saved 1 tasks to disk
[2026-02-15T11:25:49.739Z] Loaded 1 scheduled tasks.
[2026-02-15T11:25:49.802Z] Saved 1 tasks to disk
[2026-02-15T11:25:52.429Z] Loaded 1 scheduled tasks.
[2026-02-15T11:25:52.475Z] Saved 1 tasks to disk
[2026-02-15T11:25:55.130Z] Loaded 1 scheduled tasks.
[2026-02-15T11:25:55.176Z] Saved 1 tasks to disk
[2026-02-15T11:25:57.810Z] Loaded 1 scheduled tasks.
[2026-02-15T11:25:57.860Z] Saved 1 tasks to disk
[2026-02-15T11:26:00.400Z] Loaded 1 scheduled tasks.
[2026-02-15T11:26:00.441Z] Saved 1 tasks to disk
[2026-02-15T11:26:02.890Z] Loaded 1 scheduled tasks.
[2026-02-15T11:26:02.939Z] Saved 1 tasks to disk
[2026-02-15T11:26:05.433Z] Loaded 1 scheduled tasks.
[2026-02-15T11:26:05.480Z] Saved 1 tasks to disk
[2026-02-15T11:26:07.952Z] Loaded 1 scheduled tasks.
[2026-02-15T11:26:07.997Z] Saved 1 tasks to disk
[2026-02-15T11:26:10.521Z] Loaded 1 scheduled tasks.
[2026-02-15T11:26:10.582Z] Saved 1 tasks to disk
[2026-02-15T11:26:13.071Z] Loaded 1 scheduled tasks.
[2026-02-15T11:26:13.117Z] Saved 1 tasks to disk
[2026-02-15T11:26:15.512Z] Loaded 1 scheduled tasks.
[2026-02-15T11:26:15.558Z] Saved 1 tasks to disk
[2026-02-15T11:26:18.086Z] Loaded 1 scheduled tasks.
[2026-02-15T11:26:18.137Z] Saved 1 tasks to disk
[2026-02-15T11:26:20.810Z] Loaded 1 scheduled tasks.
[2026-02-15T11:26:20.864Z] Saved 1 tasks to disk
[2026-02-15T11:26:23.574Z] Loaded 1 scheduled tasks.
[2026-02-15T11:26:23.620Z] Saved 1 tasks to disk
[2026-02-15T11:26:26.188Z] Loaded 1 scheduled tasks.
[2026-02-15T11:26:26.235Z] Saved 1 tasks to disk
[2026-02-15T11:26:28.797Z] Loaded 1 scheduled tasks.
[2026-02-15T11:26:28.855Z] Saved 1 tasks to disk
[2026-02-15T11:26:31.310Z] Loaded 1 scheduled tasks.
[2026-02-15T11:26:31.376Z] Saved 1 tasks to disk
[2026-02-15T11:26:34.003Z] Loaded 1 scheduled tasks.
[2026-02-15T11:26:34.064Z] Saved 1 tasks to disk
[2026-02-15T11:26:37.106Z] Loaded 1 scheduled tasks.
[2026-02-15T11:26:37.180Z] Saved 1 tasks to disk
[2026-02-15T11:26:39.907Z] Loaded 1 scheduled tasks.
[2026-02-15T11:26:39.963Z] Saved 1 tasks to disk
[2026-02-15T11:26:42.708Z] Loaded 1 scheduled tasks.
[2026-02-15T11:26:42.774Z] Saved 1 tasks to disk
[2026-02-15T11:26:45.437Z] Loaded 1 scheduled tasks.
[2026-02-15T11:26:45.512Z] Saved 1 tasks to disk
[2026-02-15T11:26:48.036Z] Loaded 1 scheduled tasks.
[2026-02-15T11:26:48.096Z] Saved 1 tasks to disk
[2026-02-15T11:26:50.528Z] Loaded 1 scheduled tasks.
[2026-02-15T11:26:50.593Z] Saved 1 tasks to disk
[2026-02-15T11:26:53.224Z] Loaded 1 scheduled tasks.
[2026-02-15T11:26:53.277Z] Saved 1 tasks to disk
[2026-02-15T11:26:55.832Z] Loaded 1 scheduled tasks.
[2026-02-15T11:26:55.876Z] Saved 1 tasks to disk
[2026-02-15T11:27:01.020Z] Loaded 1 scheduled tasks.
[2026-02-15T11:27:01.266Z] Saved 1 tasks to disk
[2026-02-15T11:27:07.837Z] Loaded 1 scheduled tasks.
[2026-02-15T11:27:07.968Z] Saved 1 tasks to disk
[2026-02-15T11:27:12.390Z] Loaded 1 scheduled tasks.
[2026-02-15T11:27:12.462Z] Saved 1 tasks to disk
[2026-02-15T11:27:16.863Z] Loaded 1 scheduled tasks.
[2026-02-15T11:27:16.966Z] Saved 1 tasks to disk
[2026-02-15T11:27:21.311Z] Loaded 1 scheduled tasks.
[2026-02-15T11:27:21.406Z] Saved 1 tasks to disk
[2026-02-15T11:27:29.687Z] Loaded 1 scheduled tasks.
[2026-02-15T11:28:00.014Z] Executing task task_1771153738104_oy3nrvazt: Check for unread emails
[2026-02-15T11:28:39.554Z] Saved 2 tasks to disk
[2026-02-15T11:28:39.555Z] Created one-time task: once_1771154919550_zb7ytiu7r scheduled for 2026-02-15T17:30:00.000Z
[2026-02-15T11:28:42.528Z] Loaded 2 scheduled tasks.
[2026-02-15T11:28:42.595Z] Rescheduled one-time task once_1771154919550_zb7ytiu7r for 2026-02-15T17:30:00.000Z
[2026-02-15T11:28:59.580Z] Saved 3 tasks to disk
[2026-02-15T11:28:59.581Z] Created one-time task: once_1771154939577_7sjm22fuj scheduled for 2026-02-15T17:30:00.000Z
[2026-02-15T11:29:02.302Z] Loaded 3 scheduled tasks.
[2026-02-15T11:29:02.384Z] Rescheduled one-time task once_1771154919550_zb7ytiu7r for 2026-02-15T17:30:00.000Z
[2026-02-15T11:29:02.384Z] Rescheduled one-time task once_1771154939577_7sjm22fuj for 2026-02-15T17:30:00.000Z
[2026-02-15T11:29:13.442Z] Saved 4 tasks to disk
[2026-02-15T11:29:13.443Z] Created one-time task: once_1771154953439_epo1efsic scheduled for 2026-02-15T17:00:00.000Z
[2026-02-15T11:29:16.240Z] Loaded 4 scheduled tasks.
[2026-02-15T11:29:16.306Z] Rescheduled one-time task once_1771154919550_zb7ytiu7r for 2026-02-15T17:30:00.000Z
[2026-02-15T11:29:16.307Z] Rescheduled one-time task once_1771154939577_7sjm22fuj for 2026-02-15T17:30:00.000Z
[2026-02-15T11:29:16.307Z] Rescheduled one-time task once_1771154953439_epo1efsic for 2026-02-15T17:00:00.000Z
[2026-02-15T11:30:00.015Z] Executing task task_1771153738104_oy3nrvazt: Check for unread emails
[2026-02-15T11:31:00.013Z] Executing task task_1771153738104_oy3nrvazt: Check for unread emails
[2026-02-15T11:32:00.018Z] Executing task task_1771153738104_oy3nrvazt: Check for unread emails
[2026-02-15T11:33:00.016Z] Executing task task_1771153738104_oy3nrvazt: Check for unread emails
[2026-02-15T11:33:17.123Z] Loaded 4 scheduled tasks.
[2026-02-15T11:33:17.210Z] Rescheduled one-time task once_1771154919550_zb7ytiu7r for 2026-02-15T17:30:00.000Z
[2026-02-15T11:33:17.211Z] Rescheduled one-time task once_1771154939577_7sjm22fuj for 2026-02-15T17:30:00.000Z
[2026-02-15T11:33:17.212Z] Rescheduled one-time task once_1771154953439_epo1efsic for 2026-02-15T17:00:00.000Z
[2026-02-15T11:34:00.013Z] Executing task task_1771153738104_oy3nrvazt: Check for unread emails
[2026-02-15T11:34:59.118Z] Loaded 4 scheduled tasks.
[2026-02-15T11:34:59.212Z] Rescheduled one-time task once_1771154919550_zb7ytiu7r for 2026-02-15T17:30:00.000Z
[2026-02-15T11:34:59.213Z] Rescheduled one-time task once_1771154939577_7sjm22fuj for 2026-02-15T17:30:00.000Z
[2026-02-15T11:34:59.214Z] Rescheduled one-time task once_1771154953439_epo1efsic for 2026-02-15T17:00:00.000Z
[2026-02-15T11:35:00.013Z] Executing task task_1771153738104_oy3nrvazt: Check for unread emails
[2026-02-15T11:35:13.505Z] Loaded 3 scheduled tasks.
[2026-02-15T11:35:13.610Z] Rescheduled one-time task once_1771154919550_zb7ytiu7r for 2026-02-15T17:30:00.000Z
[2026-02-15T11:35:13.612Z] Rescheduled one-time task once_1771154939577_7sjm22fuj for 2026-02-15T17:30:00.000Z
[2026-02-15T11:35:13.613Z] Rescheduled one-time task once_1771154953439_epo1efsic for 2026-02-15T17:00:00.000Z
[2026-02-15T11:38:18.793Z] Loaded 3 scheduled tasks.
[2026-02-15T11:38:18.832Z] Rescheduled one-time task once_1771154919550_zb7ytiu7r for 2026-02-15T17:30:00.000Z
[2026-02-15T11:38:18.834Z] Rescheduled one-time task once_1771154939577_7sjm22fuj for 2026-02-15T17:30:00.000Z
[2026-02-15T11:38:18.835Z] Rescheduled one-time task once_1771154953439_epo1efsic for 2026-02-15T17:00:00.000Z
[2026-02-15T11:38:47.047Z] Loaded 3 scheduled tasks.
[2026-02-15T11:38:47.091Z] Rescheduled one-time task once_1771154919550_zb7ytiu7r for 2026-02-15T17:30:00.000Z
[2026-02-15T11:38:47.094Z] Rescheduled one-time task once_1771154939577_7sjm22fuj for 2026-02-15T17:30:00.000Z
[2026-02-15T11:38:47.096Z] Rescheduled one-time task once_1771154953439_epo1efsic for 2026-02-15T17:00:00.000Z
[2026-02-15T11:50:21.656Z] Loaded 3 scheduled tasks.
[2026-02-15T11:50:21.701Z] Rescheduled one-time task once_1771154919550_zb7ytiu7r for 2026-02-15T17:30:00.000Z
[2026-02-15T11:50:21.702Z] Rescheduled one-time task once_1771154939577_7sjm22fuj for 2026-02-15T17:30:00.000Z
[2026-02-15T11:50:21.703Z] Rescheduled one-time task once_1771154953439_epo1efsic for 2026-02-15T17:00:00.000Z
[2026-02-15T11:50:28.857Z] Loaded 3 scheduled tasks.
[2026-02-15T11:50:28.926Z] Rescheduled one-time task once_1771154919550_zb7ytiu7r for 2026-02-15T17:30:00.000Z
[2026-02-15T11:50:28.927Z] Rescheduled one-time task once_1771154939577_7sjm22fuj for 2026-02-15T17:30:00.000Z
[2026-02-15T11:50:28.928Z] Rescheduled one-time task once_1771154953439_epo1efsic for 2026-02-15T17:00:00.000Z
[2026-02-15T11:50:53.851Z] Loaded 3 scheduled tasks.
[2026-02-15T11:50:53.902Z] Rescheduled one-time task once_1771154919550_zb7ytiu7r for 2026-02-15T17:30:00.000Z
[2026-02-15T11:50:53.903Z] Rescheduled one-time task once_1771154939577_7sjm22fuj for 2026-02-15T17:30:00.000Z
[2026-02-15T11:50:53.903Z] Rescheduled one-time task once_1771154953439_epo1efsic for 2026-02-15T17:00:00.000Z
[2026-02-15T11:55:04.428Z] Loaded 3 scheduled tasks.
[2026-02-15T11:55:04.489Z] Rescheduled one-time task once_1771154919550_zb7ytiu7r for 2026-02-15T17:30:00.000Z
[2026-02-15T11:55:04.492Z] Rescheduled one-time task once_1771154939577_7sjm22fuj for 2026-02-15T17:30:00.000Z
[2026-02-15T11:55:04.493Z] Rescheduled one-time task once_1771154953439_epo1efsic for 2026-02-15T17:00:00.000Z
[2026-02-15T11:55:21.442Z] Loaded 3 scheduled tasks.
[2026-02-15T11:55:21.493Z] Rescheduled one-time task once_1771154919550_zb7ytiu7r for 2026-02-15T17:30:00.000Z
[2026-02-15T11:55:21.494Z] Rescheduled one-time task once_1771154939577_7sjm22fuj for 2026-02-15T17:30:00.000Z
[2026-02-15T11:55:21.495Z] Rescheduled one-time task once_1771154953439_epo1efsic for 2026-02-15T17:00:00.000Z
[2026-02-15T14:54:27.101Z] Saved 4 tasks to disk
[2026-02-15T14:54:27.103Z] Created new task: task_1771167267076_7v1zne1p0 with cron */1 * * * *
[2026-02-15T14:54:29.892Z] Loaded 4 scheduled tasks.
[2026-02-15T14:54:29.956Z] Rescheduled one-time task once_1771154919550_zb7ytiu7r for 2026-02-15T17:30:00.000Z
[2026-02-15T14:54:29.957Z] Rescheduled one-time task once_1771154939577_7sjm22fuj for 2026-02-15T17:30:00.000Z
[2026-02-15T14:54:29.957Z] Rescheduled one-time task once_1771154953439_epo1efsic for 2026-02-15T17:00:00.000Z
[2026-02-15T14:55:00.006Z] Executing task task_1771167267076_7v1zne1p0: No scheduled task needed for this round
[2026-02-15T14:56:00.015Z] Executing task task_1771167267076_7v1zne1p0: No scheduled task needed for this round
[2026-02-15T14:57:00.015Z] Executing task task_1771167267076_7v1zne1p0: No scheduled task needed for this round
[2026-02-15T14:57:41.607Z] Loaded 3 scheduled tasks.
[2026-02-15T14:57:41.636Z] Rescheduled one-time task once_1771154919550_zb7ytiu7r for 2026-02-15T17:30:00.000Z
[2026-02-15T14:57:41.639Z] Rescheduled one-time task once_1771154939577_7sjm22fuj for 2026-02-15T17:30:00.000Z
[2026-02-15T14:57:41.641Z] Rescheduled one-time task once_1771154953439_epo1efsic for 2026-02-15T17:00:00.000Z
[2026-02-15T14:57:45.611Z] Loaded 2 scheduled tasks.
[2026-02-15T14:57:45.646Z] Rescheduled one-time task once_1771154919550_zb7ytiu7r for 2026-02-15T17:30:00.000Z
[2026-02-15T14:57:45.647Z] Rescheduled one-time task once_1771154939577_7sjm22fuj for 2026-02-15T17:30:00.000Z
[2026-02-15T14:57:50.590Z] Loaded 1 scheduled tasks.
[2026-02-15T14:57:50.619Z] Rescheduled one-time task once_1771154939577_7sjm22fuj for 2026-02-15T17:30:00.000Z
[2026-02-15T15:04:42.312Z] Loaded 1 scheduled tasks.
[2026-02-15T15:04:42.344Z] Rescheduled one-time task once_1771154939577_7sjm22fuj for 2026-02-15T17:30:00.000Z
[2026-02-15T15:04:51.234Z] Loaded 1 scheduled tasks.
[2026-02-15T15:04:51.263Z] Rescheduled one-time task once_1771154939577_7sjm22fuj for 2026-02-15T17:30:00.000Z
[2026-02-15T15:05:07.915Z] Loaded 1 scheduled tasks.
[2026-02-15T15:05:07.942Z] Rescheduled one-time task once_1771154939577_7sjm22fuj for 2026-02-15T17:30:00.000Z
[2026-02-15T15:05:16.175Z] Loaded 1 scheduled tasks.
[2026-02-15T15:05:16.209Z] Rescheduled one-time task once_1771154939577_7sjm22fuj for 2026-02-15T17:30:00.000Z
[2026-02-15T15:06:09.732Z] Loaded 1 scheduled tasks.
[2026-02-15T15:06:09.768Z] Rescheduled one-time task once_1771154939577_7sjm22fuj for 2026-02-15T17:30:00.000Z
[2026-02-15T15:06:24.940Z] Loaded 1 scheduled tasks.
[2026-02-15T15:06:24.975Z] Rescheduled one-time task once_1771154939577_7sjm22fuj for 2026-02-15T17:30:00.000Z
[2026-02-15T15:09:24.198Z] Loaded 1 scheduled tasks.
[2026-02-15T15:09:24.241Z] Rescheduled one-time task once_1771154939577_7sjm22fuj for 2026-02-15T17:30:00.000Z
[2026-02-15T15:09:56.792Z] Loaded 1 scheduled tasks.
[2026-02-15T15:09:56.841Z] Rescheduled one-time task once_1771154939577_7sjm22fuj for 2026-02-15T17:30:00.000Z
[2026-02-15T15:15:12.697Z] Loaded 1 scheduled tasks.
[2026-02-15T15:15:12.733Z] Rescheduled one-time task once_1771154939577_7sjm22fuj for 2026-02-15T17:30:00.000Z
[2026-02-15T15:50:55.562Z] Loaded 1 scheduled tasks.
[2026-02-15T15:50:55.667Z] Rescheduled one-time task once_1771154939577_7sjm22fuj for 2026-02-15T17:30:00.000Z
[2026-02-15T15:51:07.201Z] Loaded 1 scheduled tasks.
[2026-02-15T15:51:07.332Z] Rescheduled one-time task once_1771154939577_7sjm22fuj for 2026-02-15T17:30:00.000Z
[2026-02-15T15:51:37.871Z] Loaded 1 scheduled tasks.
[2026-02-15T15:51:37.957Z] Rescheduled one-time task once_1771154939577_7sjm22fuj for 2026-02-15T17:30:00.000Z
[2026-02-15T15:51:51.232Z] Loaded 1 scheduled tasks.
[2026-02-15T15:51:51.408Z] Rescheduled one-time task once_1771154939577_7sjm22fuj for 2026-02-15T17:30:00.000Z
[2026-02-15T15:52:19.830Z] Loaded 1 scheduled tasks.
[2026-02-15T15:52:19.950Z] Rescheduled one-time task once_1771154939577_7sjm22fuj for 2026-02-15T17:30:00.000Z
[2026-02-15T15:52:41.297Z] Loaded 1 scheduled tasks.
[2026-02-15T15:52:41.469Z] Rescheduled one-time task once_1771154939577_7sjm22fuj for 2026-02-15T17:30:00.000Z
[2026-02-15T15:58:30.735Z] Loaded 1 scheduled tasks.
[2026-02-15T15:58:30.823Z] Rescheduled one-time task once_1771154939577_7sjm22fuj for 2026-02-15T17:30:00.000Z
[2026-02-15T15:58:46.623Z] Loaded 1 scheduled tasks.
[2026-02-15T15:58:46.728Z] Rescheduled one-time task once_1771154939577_7sjm22fuj for 2026-02-15T17:30:00.000Z
[2026-02-15T15:59:02.384Z] Loaded 1 scheduled tasks.
[2026-02-15T15:59:02.499Z] Rescheduled one-time task once_1771154939577_7sjm22fuj for 2026-02-15T17:30:00.000Z
[2026-02-15T16:06:30.251Z] Loaded 1 scheduled tasks.
[2026-02-15T16:06:30.375Z] Rescheduled one-time task once_1771154939577_7sjm22fuj for 2026-02-15T17:30:00.000Z
[2026-02-15T16:10:30.427Z] Loaded 1 scheduled tasks.
[2026-02-15T16:10:30.478Z] Rescheduled one-time task once_1771154939577_7sjm22fuj for 2026-02-15T17:30:00.000Z
[2026-02-15T16:15:38.643Z] Loaded 1 scheduled tasks.
[2026-02-15T16:15:38.681Z] Rescheduled one-time task once_1771154939577_7sjm22fuj for 2026-02-15T17:30:00.000Z
[2026-02-15T16:15:50.786Z] Loaded 1 scheduled tasks.
[2026-02-15T16:15:50.830Z] Rescheduled one-time task once_1771154939577_7sjm22fuj for 2026-02-15T17:30:00.000Z
[2026-02-15T16:20:09.599Z] Loaded 1 scheduled tasks.
[2026-02-15T16:20:09.659Z] Rescheduled one-time task once_1771154939577_7sjm22fuj for 2026-02-15T17:30:00.000Z
[2026-02-15T16:20:36.864Z] Loaded 1 scheduled tasks.
[2026-02-15T16:20:36.907Z] Rescheduled one-time task once_1771154939577_7sjm22fuj for 2026-02-15T17:30:00.000Z
[2026-02-15T16:24:47.181Z] Loaded 1 scheduled tasks.
[2026-02-15T16:24:47.244Z] Rescheduled one-time task once_1771154939577_7sjm22fuj for 2026-02-15T17:30:00.000Z
[2026-02-15T16:24:57.073Z] Loaded 1 scheduled tasks.
[2026-02-15T16:24:57.111Z] Rescheduled one-time task once_1771154939577_7sjm22fuj for 2026-02-15T17:30:00.000Z
[2026-02-15T16:30:41.735Z] Loaded 1 scheduled tasks.
[2026-02-15T16:30:41.793Z] Rescheduled one-time task once_1771154939577_7sjm22fuj for 2026-02-15T17:30:00.000Z
[2026-02-15T16:31:22.019Z] Loaded 1 scheduled tasks.
[2026-02-15T16:31:22.059Z] Rescheduled one-time task once_1771154939577_7sjm22fuj for 2026-02-15T17:30:00.000Z
[2026-02-15T16:42:38.108Z] Loaded 1 scheduled tasks.
[2026-02-15T16:42:38.144Z] Rescheduled one-time task once_1771154939577_7sjm22fuj for 2026-02-15T17:30:00.000Z
[2026-02-15T16:43:00.944Z] Loaded 1 scheduled tasks.
[2026-02-15T16:43:00.982Z] Rescheduled one-time task once_1771154939577_7sjm22fuj for 2026-02-15T17:30:00.000Z
[2026-02-15T16:43:31.437Z] Loaded 1 scheduled tasks.
[2026-02-15T16:43:31.481Z] Rescheduled one-time task once_1771154939577_7sjm22fuj for 2026-02-15T17:30:00.000Z
[2026-02-15T16:43:58.900Z] Loaded 1 scheduled tasks.
[2026-02-15T16:43:58.944Z] Rescheduled one-time task once_1771154939577_7sjm22fuj for 2026-02-15T17:30:00.000Z
[2026-02-15T16:44:54.167Z] Loaded 1 scheduled tasks.
[2026-02-15T16:44:54.210Z] Rescheduled one-time task once_1771154939577_7sjm22fuj for 2026-02-15T17:30:00.000Z
[2026-02-15T16:45:04.526Z] Loaded 1 scheduled tasks.
[2026-02-15T16:45:04.591Z] Rescheduled one-time task once_1771154939577_7sjm22fuj for 2026-02-15T17:30:00.000Z
[2026-02-15T16:45:17.245Z] Loaded 1 scheduled tasks.
[2026-02-15T16:45:17.284Z] Rescheduled one-time task once_1771154939577_7sjm22fuj for 2026-02-15T17:30:00.000Z
[2026-02-15T16:45:50.768Z] Loaded 1 scheduled tasks.
[2026-02-15T16:45:50.816Z] Rescheduled one-time task once_1771154939577_7sjm22fuj for 2026-02-15T17:30:00.000Z
[2026-02-15T16:46:15.833Z] Loaded 1 scheduled tasks.
[2026-02-15T16:46:15.882Z] Rescheduled one-time task once_1771154939577_7sjm22fuj for 2026-02-15T17:30:00.000Z
[2026-02-15T16:46:29.858Z] Loaded 1 scheduled tasks.
[2026-02-15T16:46:29.909Z] Rescheduled one-time task once_1771154939577_7sjm22fuj for 2026-02-15T17:30:00.000Z
[2026-02-15T16:46:48.667Z] Loaded 1 scheduled tasks.
[2026-02-15T16:46:48.704Z] Rescheduled one-time task once_1771154939577_7sjm22fuj for 2026-02-15T17:30:00.000Z
[2026-02-15T16:56:31.293Z] Loaded 1 scheduled tasks.
[2026-02-15T16:56:31.348Z] Rescheduled one-time task once_1771154939577_7sjm22fuj for 2026-02-15T17:30:00.000Z
[2026-02-15T17:00:47.060Z] Loaded 1 scheduled tasks.
[2026-02-15T17:00:47.119Z] Rescheduled one-time task once_1771154939577_7sjm22fuj for 2026-02-15T17:30:00.000Z
[2026-02-15T17:01:07.892Z] Loaded 1 scheduled tasks.
[2026-02-15T17:01:07.934Z] Rescheduled one-time task once_1771154939577_7sjm22fuj for 2026-02-15T17:30:00.000Z
[2026-02-15T17:10:03.772Z] Loaded 1 scheduled tasks.
[2026-02-15T17:10:03.805Z] Rescheduled one-time task once_1771154939577_7sjm22fuj for 2026-02-15T17:30:00.000Z
[2026-02-15T17:30:00.002Z] Executing one-time task once_1771154939577_7sjm22fuj: Send an email to aswin.ad23@bitsathy.ac.in with subject "Project Update" and the body: "Here is the latest project update.\n\nAdditionally, please review the attached documents and let me know your feedback.",
[2026-02-15T17:30:00.008Z] Saved 0 tasks to disk
[2026-02-15T17:30:00.008Z] Removed completed one-time task once_1771154939577_7sjm22fuj
[2026-02-16T03:58:15.500Z] Scheduler data file is empty, starting fresh
[2026-02-16T04:00:11.198Z] Scheduler data file is empty, starting fresh
[2026-02-16T04:00:26.903Z] Scheduler data file is empty, starting fresh
[2026-02-16T04:05:14.005Z] Scheduler data file is empty, starting fresh
[2026-02-16T04:05:28.430Z] Scheduler data file is empty, starting fresh
[2026-02-16T04:13:36.269Z] Scheduler data file is empty, starting fresh
[2026-02-16T04:13:51.481Z] Scheduler data file is empty, starting fresh
[2026-02-16T04:14:06.370Z] Scheduler data file is empty, starting fresh
[2026-02-16T04:21:46.364Z] Saved 1 tasks to disk
[2026-02-16T04:21:46.367Z] Created new task: task_1771215706325_1wccstjsa with cron 0 9 * * *
[2026-02-16T05:42:18.391Z] Scheduler data file is empty, starting fresh
[2026-02-16T12:55:57.521Z] Scheduler data file is empty, starting fresh
[2026-02-16T13:06:57.077Z] Scheduler data file is empty, starting fresh
[2026-02-16T13:07:15.881Z] Scheduler data file is empty, starting fresh
[2026-02-16T13:41:26.197Z] Scheduler data file is empty, starting fresh
[2026-02-16T13:45:02.586Z] Scheduler data file is empty, starting fresh
[2026-02-16T13:50:26.774Z] Saved 1 tasks to disk
[2026-02-16T13:50:26.778Z] Created new task: task_1771249826749_vovu6uy7q with cron 0 9 * * 1
[2026-02-16T13:51:00.525Z] Saved 2 tasks to disk
[2026-02-16T13:51:00.527Z] Created new task: task_1771249860523_9wwzq09m2 with cron 0 3 * * 1
[2026-02-16T13:51:28.480Z] Saved 3 tasks to disk
[2026-02-16T13:51:28.482Z] Created new task: task_1771249888478_3kzzu6x63 with cron 0 9 * * 1
